# JRE version: OpenJDK Runtime Environment (11.0.10) (build 11.0.10+0-b96-7249189)
# Java VM: OpenJDK 64-Bit Server VM (11.0.10+0-b96-7249189, mixed mode, tiered, compressed oops, g1 gc, windows-amd64)
Heap:
 garbage-first heap   total 268288K, used 122752K [0x0000000080000000, 0x0000000100000000)
  region size 1024K, 4 young (4096K), 4 survivors (4096K)
 Metaspace       used 94445K, capacity 96968K, committed 97280K, reserved 1132544K
  class space    used 12472K, capacity 13495K, committed 13568K, reserved 1048576K
GC Heap History (20 events):
Event: 8.534 GC heap after
{Heap after GC invocations=17 (full 0):
 garbage-first heap   total 143360K, used 49756K [0x0000000080000000, 0x0000000100000000)
  region size 1024K, 6 young (6144K), 6 survivors (6144K)
 Metaspace       used 63201K, capacity 64770K, committed 65024K, reserved 1105920K
  class space    used 8019K, capacity 8601K, committed 8704K, reserved 1048576K
}
Event: 9.272 GC heap before
{Heap before GC invocations=18 (full 0):
 garbage-first heap   total 143360K, used 101980K [0x0000000080000000, 0x0000000100000000)
  region size 1024K, 57 young (58368K), 6 survivors (6144K)
 Metaspace       used 67471K, capacity 69004K, committed 69376K, reserved 1110016K
  class space    used 8731K, capacity 9350K, committed 9472K, reserved 1048576K
}
Event: 9.282 GC heap after
{Heap after GC invocations=19 (full 0):
 garbage-first heap   total 172032K, used 53814K [0x0000000080000000, 0x0000000100000000)
  region size 1024K, 8 young (8192K), 8 survivors (8192K)
 Metaspace       used 67471K, capacity 69004K, committed 69376K, reserved 1110016K
  class space    used 8731K, capacity 9350K, committed 9472K, reserved 1048576K
}
Event: 10.453 GC heap before
{Heap before GC invocations=19 (full 0):
 garbage-first heap   total 172032K, used 118326K [0x0000000080000000, 0x0000000100000000)
  region size 1024K, 71 young (72704K), 8 survivors (8192K)
 Metaspace       used 74537K, capacity 76289K, committed 76416K, reserved 1116160K
  class space    used 9732K, capacity 10368K, committed 10368K, reserved 1048576K
}
Event: 10.463 GC heap after
{Heap after GC invocations=20 (full 0):
 garbage-first heap   total 172032K, used 58234K [0x0000000080000000, 0x0000000100000000)
  region size 1024K, 9 young (9216K), 9 survivors (9216K)
 Metaspace       used 74537K, capacity 76289K, committed 76416K, reserved 1116160K
  class space    used 9732K, capacity 10368K, committed 10368K, reserved 1048576K
}
Event: 11.436 GC heap before
{Heap before GC invocations=20 (full 0):
 garbage-first heap   total 172032K, used 121722K [0x0000000080000000, 0x0000000100000000)
  region size 1024K, 72 young (73728K), 9 survivors (9216K)
 Metaspace       used 78410K, capacity 80448K, committed 80768K, reserved 1118208K
  class space    used 10277K, capacity 11043K, committed 11136K, reserved 1048576K
}
Event: 11.452 GC heap after
{Heap after GC invocations=21 (full 0):
 garbage-first heap   total 172032K, used 63279K [0x0000000080000000, 0x0000000100000000)
  region size 1024K, 9 young (9216K), 9 survivors (9216K)
 Metaspace       used 78410K, capacity 80448K, committed 80768K, reserved 1118208K
  class space    used 10277K, capacity 11043K, committed 11136K, reserved 1048576K
}
Event: 12.326 GC heap before
{Heap before GC invocations=21 (full 0):
 garbage-first heap   total 172032K, used 126767K [0x0000000080000000, 0x0000000100000000)
  region size 1024K, 72 young (73728K), 9 survivors (9216K)
 Metaspace       used 81119K, capacity 83113K, committed 83328K, reserved 1122304K
  class space    used 10579K, capacity 11344K, committed 11392K, reserved 1048576K
}
Event: 12.338 GC heap after
{Heap after GC invocations=22 (full 0):
 garbage-first heap   total 172032K, used 66335K [0x0000000080000000, 0x0000000100000000)
  region size 1024K, 4 young (4096K), 4 survivors (4096K)
 Metaspace       used 81119K, capacity 83113K, committed 83328K, reserved 1122304K
  class space    used 10579K, capacity 11344K, committed 11392K, reserved 1048576K
}
Event: 12.934 GC heap before
{Heap before GC invocations=22 (full 0):
 garbage-first heap   total 172032K, used 129823K [0x0000000080000000, 0x0000000100000000)
  region size 1024K, 67 young (68608K), 4 survivors (4096K)
 Metaspace       used 83800K, capacity 85793K, committed 85888K, reserved 1124352K
  class space    used 10865K, capacity 11645K, committed 11648K, reserved 1048576K
}
Event: 12.943 GC heap after
{Heap after GC invocations=23 (full 0):
 garbage-first heap   total 206848K, used 69620K [0x0000000080000000, 0x0000000100000000)
  region size 1024K, 7 young (7168K), 7 survivors (7168K)
 Metaspace       used 83800K, capacity 85793K, committed 85888K, reserved 1124352K
  class space    used 10865K, capacity 11645K, committed 11648K, reserved 1048576K
}
Event: 13.425 GC heap before
{Heap before GC invocations=23 (full 0):
 garbage-first heap   total 206848K, used 154612K [0x0000000080000000, 0x0000000100000000)
  region size 1024K, 83 young (84992K), 7 survivors (7168K)
 Metaspace       used 84866K, capacity 86920K, committed 87168K, reserved 1124352K
  class space    used 11017K, capacity 11782K, committed 11904K, reserved 1048576K
}
Event: 13.459 GC heap after
{Heap after GC invocations=24 (full 0):
 garbage-first heap   total 206848K, used 86600K [0x0000000080000000, 0x0000000100000000)
  region size 1024K, 11 young (11264K), 11 survivors (11264K)
 Metaspace       used 84866K, capacity 86920K, committed 87168K, reserved 1124352K
  class space    used 11017K, capacity 11782K, committed 11904K, reserved 1048576K
}
Event: 14.047 GC heap before
{Heap before GC invocations=24 (full 0):
 garbage-first heap   total 206848K, used 156232K [0x0000000080000000, 0x0000000100000000)
  region size 1024K, 80 young (81920K), 11 survivors (11264K)
 Metaspace       used 88120K, capacity 90278K, committed 90368K, reserved 1128448K
  class space    used 11460K, capacity 12268K, committed 12288K, reserved 1048576K
}
Event: 14.069 GC heap after
{Heap after GC invocations=25 (full 0):
 garbage-first heap   total 206848K, used 97280K [0x0000000080000000, 0x0000000100000000)
  region size 1024K, 10 young (10240K), 10 survivors (10240K)
 Metaspace       used 88120K, capacity 90278K, committed 90368K, reserved 1128448K
  class space    used 11460K, capacity 12268K, committed 12288K, reserved 1048576K
}
Event: 14.215 GC heap before
{Heap before GC invocations=25 (full 0):
 garbage-first heap   total 206848K, used 157696K [0x0000000080000000, 0x0000000100000000)
  region size 1024K, 69 young (70656K), 10 survivors (10240K)
 Metaspace       used 89134K, capacity 91406K, committed 91648K, reserved 1128448K
  class space    used 11611K, capacity 12451K, committed 12544K, reserved 1048576K
}
Event: 14.243 GC heap after
{Heap after GC invocations=26 (full 0):
 garbage-first heap   total 206848K, used 110058K [0x0000000080000000, 0x0000000100000000)
  region size 1024K, 9 young (9216K), 9 survivors (9216K)
 Metaspace       used 89134K, capacity 91406K, committed 91648K, reserved 1128448K
  class space    used 11611K, capacity 12451K, committed 12544K, reserved 1048576K
}
Event: 14.409 GC heap before
{Heap before GC invocations=26 (full 0):
 garbage-first heap   total 206848K, used 159210K [0x0000000080000000, 0x0000000100000000)
  region size 1024K, 58 young (59392K), 9 survivors (9216K)
 Metaspace       used 90874K, capacity 93297K, committed 93568K, reserved 1130496K
  class space    used 11907K, capacity 12877K, committed 12928K, reserved 1048576K
}
Event: 14.436 GC heap after
{Heap after GC invocations=27 (full 0):
 garbage-first heap   total 206848K, used 119296K [0x0000000080000000, 0x0000000100000000)
  region size 1024K, 8 young (8192K), 8 survivors (8192K)
 Metaspace       used 90874K, capacity 93297K, committed 93568K, reserved 1130496K
  class space    used 11907K, capacity 12877K, committed 12928K, reserved 1048576K
}
Event: 15.073 GC heap before
{Heap before GC invocations=28 (full 0):
 garbage-first heap   total 206848K, used 163328K [0x0000000080000000, 0x0000000100000000)
  region size 1024K, 52 young (53248K), 8 survivors (8192K)
 Metaspace       used 94445K, capacity 96968K, committed 97280K, reserved 1132544K
  class space    used 12472K, capacity 13495K, committed 13568K, reserved 1048576K
}

